<ns0:test-suite xmlns:ns0="urn:model.allure.qatools.yandex.ru" start="1493739223747" stop="1493739247387">
  <name>SVV</name>
  <title>SVV</title>
  <labels/>
  <test-cases>
    <test-case severity="None" start="1493739223755" status="failed" stop="1493739247380">
      <description>ทดสอบเข้าหน้า apply ของหลักสูตร SOFTWARE ENGINEERING</description>
      <name>ทดสอบเข้าหน้า apply ของหลักสูตร SOFTWARE ENGINEERING</name>
      <failure>
        <message>WebDriverException: Message: unknown error: Element &lt;a href="/apply" target="_blank"&gt;...&lt;/a&gt; is not clickable at point (624, 612). Other element would receive the click: &lt;div class="tab-pane fade active in" id="tab-admission"&gt;...&lt;/div&gt;
  (Session info: chrome=58.0.3029.81)
  (Driver info: chromedriver=2.29.461591 (62ebf098771772160f391d75e589dc567915b233),platform=Windows NT 10.0.14393 x86_64)
</message>
        <stack-trace></stack-trace>
      </failure>
      <attachments/>
      <labels>
        <label name="thread" value="29876"/>
      </labels>
      <steps>
        <step start="1493739223756" status="passed" stop="1493739239571">
          <name>Start Browser</name>
          <title>Start Browser</title>
          <attachments/>
          <steps>
            <step start="1493739223757" status="passed" stop="1493739229466">
              <name>Selenium2Library.Open Browser</name>
              <title>Selenium2Library.Open Browser</title>
              <attachments/>
              <steps/>
            </step>
            <step start="1493739229466" status="passed" stop="1493739230691">
              <name>Selenium2Library.Maximize Browser Window</name>
              <title>Selenium2Library.Maximize Browser Window</title>
              <attachments/>
              <steps/>
            </step>
            <step start="1493739230691" status="passed" stop="1493739239570">
              <name>Skip Start Page</name>
              <title>Skip Start Page</title>
              <attachments/>
              <steps>
                <step start="1493739230692" status="passed" stop="1493739239262">
                  <name>Selenium2Library.Click Element</name>
                  <title>Selenium2Library.Click Element</title>
                  <attachments/>
                  <steps/>
                </step>
                <step start="1493739239264" status="passed" stop="1493739239569">
                  <name>Selenium2Library.Wait Until Element Is Visible</name>
                  <title>Selenium2Library.Wait Until Element Is Visible</title>
                  <attachments/>
                  <steps/>
                </step>
              </steps>
            </step>
          </steps>
        </step>
        <step start="1493739239579" status="passed" stop="1493739239641">
          <name>Selenium2Library.Wait Until Page Contains</name>
          <title>Selenium2Library.Wait Until Page Contains</title>
          <attachments/>
          <steps/>
        </step>
        <step start="1493739239644" status="passed" stop="1493739239740">
          <name>Selenium2Library.Mouse Over</name>
          <title>Selenium2Library.Mouse Over</title>
          <attachments/>
          <steps/>
        </step>
        <step start="1493739239748" status="passed" stop="1493739240096">
          <name>Selenium2Library.Wait Until Element Is Visible</name>
          <title>Selenium2Library.Wait Until Element Is Visible</title>
          <attachments/>
          <steps/>
        </step>
        <step start="1493739240100" status="passed" stop="1493739243541">
          <name>Selenium2Library.Click Element</name>
          <title>Selenium2Library.Click Element</title>
          <attachments/>
          <steps/>
        </step>
        <step start="1493739243545" status="passed" stop="1493739243671">
          <name>Selenium2Library.Wait Until Page Contains</name>
          <title>Selenium2Library.Wait Until Page Contains</title>
          <attachments/>
          <steps/>
        </step>
        <step start="1493739243672" status="passed" stop="1493739243929">
          <name>Selenium2Library.Click Link</name>
          <title>Selenium2Library.Click Link</title>
          <attachments/>
          <steps/>
        </step>
        <step start="1493739243936" status="passed" stop="1493739246937">
          <name>BuiltIn.Sleep</name>
          <title>BuiltIn.Sleep</title>
          <attachments/>
          <steps/>
        </step>
        <step start="1493739246938" status="failed" stop="1493739247374">
          <name>Selenium2Library.Click Element</name>
          <title>Selenium2Library.Click Element</title>
          <attachments/>
          <steps>
            <step start="1493739247130" status="passed" stop="1493739247369">
              <name>Selenium2Library.Capture Page Screenshot</name>
              <title>Selenium2Library.Capture Page Screenshot</title>
              <attachments>
                <attachment source="49776494-49d0-4a9f-b53e-686e7bdfae1d-attachment.png" title="selenium-screenshot-1.png" type="AttachmentType.PNG"/>
              </attachments>
              <steps/>
            </step>
          </steps>
        </step>
      </steps>
    </test-case>
  </test-cases>
</ns0:test-suite>
