<ns0:test-suite xmlns:ns0="urn:model.allure.qatools.yandex.ru" start="1493739051689" stop="1493739069082">
  <name>SVV</name>
  <title>SVV</title>
  <labels/>
  <test-cases>
    <test-case severity="None" start="1493739051696" status="failed" stop="1493739069073">
      <description>ทดสอบเข้าหน้า apply ของหลักสูตร SOFTWARE ENGINEERING</description>
      <name>ทดสอบเข้าหน้า apply ของหลักสูตร SOFTWARE ENGINEERING</name>
      <failure>
        <message>WebDriverException: Message: unknown error: Element &lt;a href="/apply" target="_blank"&gt;...&lt;/a&gt; is not clickable at point (358, 612). Other element would receive the click: &lt;td style="height: 45px;"&gt;...&lt;/td&gt;
  (Session info: chrome=58.0.3029.81)
  (Driver info: chromedriver=2.29.461591 (62ebf098771772160f391d75e589dc567915b233),platform=Windows NT 10.0.14393 x86_64)
</message>
        <stack-trace></stack-trace>
      </failure>
      <attachments/>
      <labels>
        <label name="thread" value="22828"/>
      </labels>
      <steps>
        <step start="1493739051697" status="passed" stop="1493739061898">
          <name>Start Browser</name>
          <title>Start Browser</title>
          <attachments/>
          <steps>
            <step start="1493739051698" status="passed" stop="1493739057515">
              <name>Selenium2Library.Open Browser</name>
              <title>Selenium2Library.Open Browser</title>
              <attachments/>
              <steps/>
            </step>
            <step start="1493739057516" status="passed" stop="1493739058728">
              <name>Selenium2Library.Maximize Browser Window</name>
              <title>Selenium2Library.Maximize Browser Window</title>
              <attachments/>
              <steps/>
            </step>
            <step start="1493739058729" status="passed" stop="1493739061898">
              <name>Skip Start Page</name>
              <title>Skip Start Page</title>
              <attachments/>
              <steps>
                <step start="1493739058730" status="passed" stop="1493739061809">
                  <name>Selenium2Library.Click Element</name>
                  <title>Selenium2Library.Click Element</title>
                  <attachments/>
                  <steps/>
                </step>
                <step start="1493739061810" status="passed" stop="1493739061897">
                  <name>Selenium2Library.Wait Until Element Is Visible</name>
                  <title>Selenium2Library.Wait Until Element Is Visible</title>
                  <attachments/>
                  <steps/>
                </step>
              </steps>
            </step>
          </steps>
        </step>
        <step start="1493739061900" status="passed" stop="1493739061942">
          <name>Selenium2Library.Wait Until Page Contains</name>
          <title>Selenium2Library.Wait Until Page Contains</title>
          <attachments/>
          <steps/>
        </step>
        <step start="1493739061943" status="passed" stop="1493739062032">
          <name>Selenium2Library.Mouse Over</name>
          <title>Selenium2Library.Mouse Over</title>
          <attachments/>
          <steps/>
        </step>
        <step start="1493739062034" status="passed" stop="1493739062125">
          <name>Selenium2Library.Wait Until Element Is Visible</name>
          <title>Selenium2Library.Wait Until Element Is Visible</title>
          <attachments/>
          <steps/>
        </step>
        <step start="1493739062127" status="passed" stop="1493739065070">
          <name>Selenium2Library.Click Element</name>
          <title>Selenium2Library.Click Element</title>
          <attachments/>
          <steps/>
        </step>
        <step start="1493739065073" status="passed" stop="1493739065195">
          <name>Selenium2Library.Wait Until Page Contains</name>
          <title>Selenium2Library.Wait Until Page Contains</title>
          <attachments/>
          <steps/>
        </step>
        <step start="1493739065196" status="passed" stop="1493739065437">
          <name>Selenium2Library.Click Link</name>
          <title>Selenium2Library.Click Link</title>
          <attachments/>
          <steps/>
        </step>
        <step start="1493739065443" status="passed" stop="1493739068445">
          <name>BuiltIn.Sleep</name>
          <title>BuiltIn.Sleep</title>
          <attachments/>
          <steps/>
        </step>
        <step start="1493739068447" status="failed" stop="1493739069066">
          <name>Selenium2Library.Click Link</name>
          <title>Selenium2Library.Click Link</title>
          <attachments/>
          <steps>
            <step start="1493739068838" status="passed" stop="1493739069062">
              <name>Selenium2Library.Capture Page Screenshot</name>
              <title>Selenium2Library.Capture Page Screenshot</title>
              <attachments>
                <attachment source="74fe2730-db9e-4316-8dc6-1fe671a4978b-attachment.png" title="selenium-screenshot-1.png" type="AttachmentType.PNG"/>
              </attachments>
              <steps/>
            </step>
          </steps>
        </step>
      </steps>
    </test-case>
  </test-cases>
</ns0:test-suite>
